<?xml version="1.0" encoding="UTF-8"?>
<testng-results total="3" passed="2" failed="1" skipped="0">
  <reporter-output>
  </reporter-output>
  <suite started-at="2021-01-28T06:24:54Z" name="Suite" finished-at="2021-01-28T06:26:46Z" duration-ms="112214">
    <groups>
    </groups>
    <test started-at="2021-01-28T06:24:54Z" name="App Test" finished-at="2021-01-28T06:24:54Z" duration-ms="32">
    </test> <!-- App Test -->
    <test started-at="2021-01-28T06:24:54Z" name=" Validate Title Test" finished-at="2021-01-28T06:25:39Z" duration-ms="45234">
      <class name="Academy.E2E.ValidateTitle">
        <test-method signature="HomePageNavigation()[pri:0, instance:Academy.E2E.ValidateTitle@11fc564b]" started-at="2021-01-28T11:54:54Z" name="HomePageNavigation" finished-at="2021-01-28T11:55:38Z" duration-ms="44163" status="FAIL">
          <exception class="java.lang.AssertionError">
            <message>
              <![CDATA[expected [Featured 12Courses] but found [Featured Courses]]]>
            </message>
            <full-stacktrace>
              <![CDATA[java.lang.AssertionError: expected [Featured 12Courses] but found [Featured Courses]
	at org.testng.Assert.fail(Assert.java:94)
	at org.testng.Assert.failNotEquals(Assert.java:494)
	at org.testng.Assert.assertEquals(Assert.java:123)
	at org.testng.Assert.assertEquals(Assert.java:176)
	at org.testng.Assert.assertEquals(Assert.java:186)
	at Academy.E2E.ValidateTitle.HomePageNavigation(ValidateTitle.java:27)
	at java.base/jdk.internal.reflect.NativeMethodAccessorImpl.invoke0(Native Method)
	at java.base/jdk.internal.reflect.NativeMethodAccessorImpl.invoke(Unknown Source)
	at java.base/jdk.internal.reflect.DelegatingMethodAccessorImpl.invoke(Unknown Source)
	at java.base/java.lang.reflect.Method.invoke(Unknown Source)
	at org.testng.internal.MethodInvocationHelper.invokeMethod(MethodInvocationHelper.java:80)
	at org.testng.internal.Invoker.invokeMethod(Invoker.java:714)
	at org.testng.internal.Invoker.invokeTestMethod(Invoker.java:901)
	at org.testng.internal.Invoker.invokeTestMethods(Invoker.java:1231)
	at org.testng.internal.TestMethodWorker.invokeTestMethods(TestMethodWorker.java:127)
	at org.testng.internal.TestMethodWorker.run(TestMethodWorker.java:111)
	at org.testng.TestRunner.privateRun(TestRunner.java:767)
	at org.testng.TestRunner.run(TestRunner.java:617)
	at org.testng.SuiteRunner.runTest(SuiteRunner.java:334)
	at org.testng.SuiteRunner.access$000(SuiteRunner.java:37)
	at org.testng.SuiteRunner$SuiteWorker.run(SuiteRunner.java:368)
	at org.testng.internal.thread.ThreadUtil$2.call(ThreadUtil.java:64)
	at java.base/java.util.concurrent.FutureTask.run(Unknown Source)
	at java.base/java.util.concurrent.ThreadPoolExecutor.runWorker(Unknown Source)
	at java.base/java.util.concurrent.ThreadPoolExecutor$Worker.run(Unknown Source)
	at java.base/java.lang.Thread.run(Unknown Source)
]]>
            </full-stacktrace>
          </exception> <!-- java.lang.AssertionError -->
          <reporter-output>
          </reporter-output>
        </test-method> <!-- HomePageNavigation -->
        <test-method is-config="true" signature="teardown()[pri:0, instance:Academy.E2E.ValidateTitle@11fc564b]" started-at="2021-01-28T11:55:38Z" name="teardown" finished-at="2021-01-28T11:55:39Z" duration-ms="744" status="PASS">
          <reporter-output>
          </reporter-output>
        </test-method> <!-- teardown -->
      </class> <!-- Academy.E2E.ValidateTitle -->
    </test> <!--  Validate Title Test -->
    <test started-at="2021-01-28T06:24:54Z" name="Home Page Test" finished-at="2021-01-28T06:26:46Z" duration-ms="112214">
      <class name="Academy.E2E.HomePage">
        <test-method signature="HomePageNavigation(java.lang.String, java.lang.String)[pri:0, instance:Academy.E2E.HomePage@7a675056]" started-at="2021-01-28T11:54:54Z" name="HomePageNavigation" data-provider="getData" finished-at="2021-01-28T11:56:03Z" duration-ms="69068" status="PASS">
          <params>
            <param index="0">
              <value>
                <![CDATA[user1@GMAIL.COM]]>
              </value>
            </param>
            <param index="1">
              <value>
                <![CDATA[pw]]>
              </value>
            </param>
          </params>
          <reporter-output>
          </reporter-output>
        </test-method> <!-- HomePageNavigation -->
        <test-method signature="HomePageNavigation(java.lang.String, java.lang.String)[pri:0, instance:Academy.E2E.HomePage@7a675056]" started-at="2021-01-28T11:56:03Z" name="HomePageNavigation" data-provider="getData" finished-at="2021-01-28T11:56:45Z" duration-ms="42715" status="PASS">
          <params>
            <param index="0">
              <value>
                <![CDATA[User2@GMAIL.COM]]>
              </value>
            </param>
            <param index="1">
              <value>
                <![CDATA[pw2]]>
              </value>
            </param>
          </params>
          <reporter-output>
          </reporter-output>
        </test-method> <!-- HomePageNavigation -->
        <test-method is-config="true" signature="teardown()[pri:0, instance:Academy.E2E.HomePage@7a675056]" started-at="2021-01-28T11:56:45Z" name="teardown" finished-at="2021-01-28T11:56:46Z" duration-ms="336" status="PASS">
          <reporter-output>
          </reporter-output>
        </test-method> <!-- teardown -->
      </class> <!-- Academy.E2E.HomePage -->
    </test> <!-- Home Page Test -->
  </suite> <!-- Suite -->
</testng-results>
