<?xml version="1.0" encoding="UTF-8"?>
<!-- Generated by org.testng.reporters.JUnitXMLReporter -->
<testsuite hostname="DESKTOP-42K8DOK" failures="1" tests="1" name=" Validate Title Test" time="45.234" errors="0" timestamp="28 Jan 2021 06:25:39 GMT">
  <testcase classname="Academy.E2E.ValidateTitle" name="HomePageNavigation" time="44.163">
    <failure type="java.lang.AssertionError" message="expected [Featured 12Courses] but found [Featured Courses]">
      <![CDATA[java.lang.AssertionError: expected [Featured 12Courses] but found [Featured Courses]
	at Academy.E2E.ValidateTitle.HomePageNavigation(ValidateTitle.java:27)
	at java.base/java.util.concurrent.FutureTask.run(Unknown Source)
	at java.base/java.util.concurrent.ThreadPoolExecutor.runWorker(Unknown Source)
	at java.base/java.util.concurrent.ThreadPoolExecutor$Worker.run(Unknown Source)
	at java.base/java.lang.Thread.run(Unknown Source)
... Removed 21 stack frames]]>
    </failure>
  </testcase> <!-- HomePageNavigation -->
</testsuite> <!--  Validate Title Test -->
